07-07-11 19:20:55.999 root         INFO     -	--> Serial port object constructed
07-07-11 19:20:56.001 root         INFO     -	--> Syringe pump object constructed
07-07-11 19:20:56.002 root         INFO     0	--> Retrieve configuration parameters from file: [biochemistry object]
07-07-11 19:20:56.019 root         INFO     0	--> Retrieve Excel volumes from file: [biochemistry object]
07-07-11 19:20:56.082 root         INFO     0	--> Biochemistry object is constructed: [biochemistry object]
07-07-11 19:20:56.083 root         INFO     *	--> Started test_incorporation method execution - biochem_utils.py
07-07-11 19:20:59.271 root         INFO     0	--> In test_incorporation subroutine
07-07-11 19:21:01.223 root         INFO     0	--> START: Fill reagent-to-syringe path 2: [test_incorporation]
07-07-11 19:21:01.224 root         INFO     0	--> Draw 43 ul fluid up to syringe port 2 and eject tube content to syringe waste
07-07-11 19:21:01.390 root         INFO     -	--> Set syringe pump speed to 27
07-07-11 19:21:01.870 root         INFO     -	--> Set syringe pump valve position to 2
07-07-11 19:21:28.409 root         INFO     -	--> Set syringe pump absolute volume to 43
07-07-11 19:21:28.581 root         INFO     -	--> Set syringe pump speed to 17
07-07-11 19:21:29.218 root         INFO     -	--> Set syringe pump valve position to 7
07-07-11 19:21:42.333 root         INFO     -	--> Set syringe pump absolute volume to 0
07-07-11 19:21:42.334 root         INFO     0	--> END: Filled reagent-to-syringe path 2: [test_incorporation]
07-07-11 19:21:42.335 root         INFO     0	--> START: Draw air gap to syringe port-9: [test_incorporation]
07-07-11 19:21:44.085 root         INFO     0	--> Push 10 ul air gap just passed syringe port-9
07-07-11 19:21:44.258 root         INFO     -	--> Set syringe pump speed to 27
07-07-11 19:21:44.581 root         INFO     -	--> Set syringe pump valve position to 8
07-07-11 19:21:51.301 root         INFO     -	--> Set syringe pump absolute volume to 10
07-07-11 19:21:51.473 root         INFO     -	--> Set syringe pump speed to 40
07-07-11 19:21:51.798 root         INFO     -	--> Set syringe pump valve position to 9
07-07-11 19:22:52.037 root         INFO     -	--> Set syringe pump absolute volume to 0
07-07-11 19:22:52.038 root         INFO     0	--> END: Drawn air gap to syringe port-9: [test_incorporation]
07-07-11 19:22:56.160 root         INFO     0	--> Draw 30 ul incorporation mix into system from syringe port-2
07-07-11 19:22:56.482 root         INFO     -	--> Set syringe pump speed to 27
07-07-11 19:22:56.962 root         INFO     -	--> Set syringe pump valve position to 2
07-07-11 19:23:15.697 root         INFO     -	--> Set syringe pump absolute volume to 30
07-07-11 19:23:16.026 root         INFO     -	--> Set syringe pump speed to 40
07-07-11 19:23:16.817 root         INFO     -	--> Set syringe pump valve position to 9
07-07-11 19:26:17.053 root         INFO     -	--> Set syringe pump absolute volume to 0
07-07-11 19:26:19.039 root         INFO     0	--> START: Push reagent 2 back to chamber: [test_incorporation]
07-07-11 19:26:19.040 root         INFO     0	--> Push 43 ul fluid back to reagent chamber 2 with air
07-07-11 19:26:19.206 root         INFO     -	--> Set syringe pump speed to 27
07-07-11 19:26:20.153 root         INFO     -	--> Set syringe pump valve position to 8
07-07-11 19:26:52.621 root         INFO     -	--> Set syringe pump absolute volume to 53
07-07-11 19:26:52.793 root         INFO     -	--> Set syringe pump speed to 27
07-07-11 19:26:53.273 root         INFO     -	--> Set syringe pump valve position to 2
07-07-11 19:27:25.277 root         INFO     -	--> Set syringe pump absolute volume to 0
07-07-11 19:27:25.278 root         INFO     0	--> END: Push reagent 2 back to chamber: [test_incorporation]
07-07-11 19:27:25.279 root         INFO     0	--> START: Draw air gap to syringe port-9: [test_incorporation]
07-07-11 19:27:27.037 root         INFO     0	--> Push 10 ul air gap just passed syringe port-9
07-07-11 19:27:27.362 root         INFO     -	--> Set syringe pump speed to 27
07-07-11 19:27:28.153 root         INFO     -	--> Set syringe pump valve position to 8
07-07-11 19:27:34.877 root         INFO     -	--> Set syringe pump absolute volume to 10
07-07-11 19:27:35.050 root         INFO     -	--> Set syringe pump speed to 40
07-07-11 19:27:35.373 root         INFO     -	--> Set syringe pump valve position to 9
07-07-11 19:28:35.621 root         INFO     -	--> Set syringe pump absolute volume to 0
07-07-11 19:28:35.622 root         INFO     0	--> END: Drawn air gap to syringe port-9: [test_incorporation]
07-07-11 19:28:37.895 root         INFO     0	--> START: Push reagent into flowcell with 35 ul follow up fluid: [test_incorporation]
07-07-11 19:28:38.066 root         INFO     -	--> Set syringe pump speed to 17
07-07-11 19:28:38.858 root         INFO     -	--> Set syringe pump valve position to 5
07-07-11 19:28:49.789 root         INFO     -	--> Set syringe pump absolute volume to 35
07-07-11 19:28:49.962 root         INFO     -	--> Set syringe pump speed to 40
07-07-11 19:28:50.597 root         INFO     -	--> Set syringe pump valve position to 9
07-07-11 19:32:20.809 root         INFO     -	--> Set syringe pump absolute volume to 0
07-07-11 19:32:20.810 root         INFO     0	--> END: Push reagent into flowcell with 35 ul follow up fluid: [test_incorporation]
07-07-11 19:32:23.440 root         INFO     0	--> START: Incubate reagent for 20 min: [test_incorporation]
07-07-11 19:36:06.796 root         INFO     -	--> Serial port object constructed
07-07-11 19:36:06.802 root         INFO     -	--> Syringe pump object constructed
07-07-11 19:36:06.803 root         INFO     0	--> Retrieve configuration parameters from file: [biochemistry object]
07-07-11 19:36:06.804 root         INFO     0	--> Retrieve Excel volumes from file: [biochemistry object]
07-07-11 19:36:06.862 root         INFO     0	--> Biochemistry object is constructed: [biochemistry object]
07-07-11 19:36:06.863 root         INFO     *	--> Started clean_flowcell method execution - biochem_utils.py
07-07-11 19:36:12.352 root         INFO     0	--> START: Clean flowcell: [biochemistry object]
07-07-11 19:36:12.353 root         INFO     0	--> Draw 200 ul 'Wash 2' up to flush flowcell 2 time(s)
07-07-11 19:36:12.681 root         INFO     -	--> Set syringe pump speed to 17
07-07-11 19:36:13.473 root         INFO     -	--> Set syringe pump valve position to 6
07-07-11 19:36:43.905 root         INFO     -	--> Set syringe pump absolute volume to 100
07-07-11 19:36:44.077 root         INFO     -	--> Set syringe pump speed to 34
07-07-11 19:36:44.557 root         INFO     -	--> Set syringe pump valve position to 9
07-07-11 19:40:04.809 root         INFO     -	--> Set syringe pump absolute volume to 0
07-07-11 19:40:04.981 root         INFO     -	--> Set syringe pump speed to 17
07-07-11 19:40:05.773 root         INFO     -	--> Set syringe pump valve position to 6
07-07-11 19:40:36.209 root         INFO     -	--> Set syringe pump absolute volume to 100
07-07-11 19:40:36.381 root         INFO     -	--> Set syringe pump speed to 34
07-07-11 19:40:36.861 root         INFO     -	--> Set syringe pump valve position to 9
07-07-11 19:43:57.077 root         INFO     -	--> Set syringe pump absolute volume to 0
07-07-11 19:43:57.249 root         INFO     -	--> Set syringe pump speed to 17
07-07-11 19:43:58.041 root         INFO     -	--> Set syringe pump valve position to 6
07-07-11 19:44:28.517 root         INFO     -	--> Set syringe pump absolute volume to 100
07-07-11 19:44:28.685 root         INFO     -	--> Set syringe pump speed to 34
07-07-11 19:44:29.165 root         INFO     -	--> Set syringe pump valve position to 9
07-07-11 19:47:49.421 root         INFO     -	--> Set syringe pump absolute volume to 0
07-07-11 19:47:49.749 root         INFO     -	--> Set syringe pump speed to 17
07-07-11 19:47:50.541 root         INFO     -	--> Set syringe pump valve position to 6
07-07-11 19:48:20.973 root         INFO     -	--> Set syringe pump absolute volume to 100
07-07-11 19:48:21.145 root         INFO     -	--> Set syringe pump speed to 34
07-07-11 19:48:21.625 root         INFO     -	--> Set syringe pump valve position to 9
07-07-11 19:51:41.825 root         INFO     -	--> Set syringe pump absolute volume to 0
07-07-11 19:51:41.826 root         INFO     0	--> END: Cleaned flowcell: [biochemistry object]
07-07-11 19:51:41.827 root         INFO     *	--> Finished clean_flowcell method execution - duration: 15.58 minutes

